#
# There is insufficient memory for the Java Runtime Environment to continue.
# Native memory allocation (mmap) failed to map 1073741824 bytes for committing reserved memory.
# Possible reasons:
#   The system is out of physical RAM or swap space
#   The process is running with CompressedOops enabled, and the Java Heap may be blocking the growth of the native heap
# Possible solutions:
#   Reduce memory load on the system
#   Increase physical memory or swap space
#   Check if swap backing store is full
#   Decrease Java heap size (-Xmx/-Xms)
#   Decrease number of Java threads
#   Decrease Java thread stack sizes (-Xss)
#   Set larger code cache with -XX:ReservedCodeCacheSize=
# This output file may be truncated or incomplete.
#
#  Out of Memory Error (os_linux.cpp:2720), pid=9122, tid=9134
#
# JRE version:  (11.0.2+9) (build )
# Java VM: OpenJDK 64-Bit Server VM (11.0.2+9, mixed mode, aot, sharing, tiered, compressed oops, g1 gc, linux-amd64)
# Core dump will be written. Default location: Core dumps may be processed with "/usr/share/apport/apport %p %s %c %d %P" (or dumping to /home/vagrant/javatreinamento/quarkus_avaliacao/novoQuarkus/quarkusAndSpring/quarkus-school-api/core.9122)
#

---------------  S U M M A R Y ------------

Command Line: -Xms1024m -Xmx1G -XX:PermSize=1024m -Dclassworlds.conf=/opt/maven/bin/m2.conf -Dmaven.home=/opt/maven -Dlibrary.jansi.path=/opt/maven/lib/jansi-native -Dmaven.multiModuleProjectDirectory=/home/vagrant/javatreinamento/quarkus_avaliacao/novoQuarkus/quarkusAndSpring/quarkus-school-api org.codehaus.plexus.classworlds.launcher.Launcher quarkus:dev

Host: 11th Gen Intel(R) Core(TM) i5-1135G7 @ 2.40GHz, 2 cores, 3G, Ubuntu 18.04.3 LTS
Time: Wed Dec 28 20:03:11 2022 UTC elapsed time: 0 seconds (0d 0h 0m 0s)

---------------  T H R E A D  ---------------

Current thread (0x00007fe094011800):  JavaThread "Unknown thread" [_thread_in_vm, id=9134, stack(0x00007fe09ae26000,0x00007fe09af27000)]

Stack: [0x00007fe09ae26000,0x00007fe09af27000],  sp=0x00007fe09af25280,  free space=1020k
Native frames: (J=compiled Java code, A=aot compiled Java code, j=interpreted, Vv=VM code, C=native code)
V  [libjvm.so+0xe27304]  VMError::report_and_die(int, char const*, char const*, __va_list_tag*, Thread*, unsigned char*, void*, void*, char const*, int, unsigned long)+0x314
V  [libjvm.so+0xe27f6b]  VMError::report_and_die(Thread*, char const*, int, unsigned long, VMErrorType, char const*, __va_list_tag*)+0x2b
V  [libjvm.so+0x6999c5]  report_vm_out_of_memory(char const*, int, unsigned long, VMErrorType, char const*, ...)+0xd5
V  [libjvm.so+0xc017e8]  os::pd_commit_memory_or_exit(char*, unsigned long, unsigned long, bool, char const*)+0x108
V  [libjvm.so+0xbf8d4d]  os::commit_memory_or_exit(char*, unsigned long, unsigned long, bool, char const*)+0x1d
V  [libjvm.so+0x7b116c]  G1PageBasedVirtualSpace::commit_preferred_pages(unsigned long, unsigned long)+0x6c
V  [libjvm.so+0x7b140e]  G1PageBasedVirtualSpace::commit(unsigned long, unsigned long)+0x5e
V  [libjvm.so+0x7bd1e0]  G1RegionsLargerThanCommitSizeMapper::commit_regions(unsigned int, unsigned long, WorkGang*)+0x40
V  [libjvm.so+0x838c29]  HeapRegionManager::commit_regions(unsigned int, unsigned long, WorkGang*)+0x89
V  [libjvm.so+0x83987f]  HeapRegionManager::make_regions_available(unsigned int, unsigned int, WorkGang*)+0x3f
V  [libjvm.so+0x839d09]  HeapRegionManager::expand_at(unsigned int, unsigned int, WorkGang*) [clone .part.44]+0x119
V  [libjvm.so+0x775c8f]  G1CollectedHeap::expand(unsigned long, WorkGang*, double*)+0xdf
V  [libjvm.so+0x77639d]  G1CollectedHeap::initialize()+0x68d
V  [libjvm.so+0xde1dc1]  Universe::initialize_heap()+0x41
V  [libjvm.so+0xde2086]  universe_init()+0x46
V  [libjvm.so+0x851f37]  init_globals()+0x57
V  [libjvm.so+0xdc11c7]  Threads::create_vm(JavaVMInitArgs*, bool*)+0x347
V  [libjvm.so+0x90e0e2]  JNI_CreateJavaVM+0x52
C  [libjli.so+0x4a66]  JavaMain+0x86


---------------  P R O C E S S  ---------------

Threads class SMR info:
_java_thread_list=0x0000000001be6ac0, length=0, elements={
}

Java Threads: ( => current thread )

Other Threads:
  0x00007fe094039800 GCTaskThread "GC Thread#0" [stack: 0x00007fe07bf25000,0x00007fe07c025000] [id=9135]
  0x00007fe094055000 ConcurrentGCThread "G1 Main Marker" [stack: 0x00007fe079621000,0x00007fe079721000] [id=9136]
  0x00007fe094056800 ConcurrentGCThread "G1 Conc#0" [stack: 0x00007fe07951f000,0x00007fe07961f000] [id=9137]

[error occurred during error reporting (printing all threads), id 0xb, SIGSEGV (0xb) at pc=0x00007fe0993cc360]

VM state:not at safepoint (not fully initialized)

VM Mutex/Monitor currently owned by a thread:  ([mutex/lock_event])
[0x00007fe09400e5b0] Heap_lock - owner thread: 0x00007fe094011800

Heap address: 0x00000000c0000000, size: 1024 MB, Compressed Oops mode: Non-zero based: 0x00000000c0000000
Narrow klass base: 0x0000000000000000, Narrow klass shift: 0

GC Heap History (0 events):
No events

Deoptimization events (0 events):
No events

Classes redefined (0 events):
No events

Internal exceptions (0 events):
No events

Events (0 events):
No events


Dynamic libraries:
00400000-00401000 r-xp 00000000 fd:00 2885690                            /opt/jdk/jdk-11.0.2/bin/java
00600000-00601000 r--p 00000000 fd:00 2885690                            /opt/jdk/jdk-11.0.2/bin/java
00601000-00602000 rw-p 00001000 fd:00 2885690                            /opt/jdk/jdk-11.0.2/bin/java
01be3000-01c04000 rw-p 00000000 00:00 0                                  [heap]
7fe06a000000-7fe06c000000 rw-p 00000000 00:00 0 
7fe06c000000-7fe06c021000 rw-p 00000000 00:00 0 
7fe06c021000-7fe070000000 ---p 00000000 00:00 0 
7fe070000000-7fe070021000 rw-p 00000000 00:00 0 
7fe070021000-7fe074000000 ---p 00000000 00:00 0 
7fe074000000-7fe074021000 rw-p 00000000 00:00 0 
7fe074021000-7fe078000000 ---p 00000000 00:00 0 
7fe078f9b000-7fe07951d000 rw-p 00000000 00:00 0 
7fe07951d000-7fe07951e000 ---p 00000000 00:00 0 
7fe07951e000-7fe07961f000 rw-p 00000000 00:00 0 
7fe07961f000-7fe079620000 ---p 00000000 00:00 0 
7fe079620000-7fe079721000 rw-p 00000000 00:00 0 
7fe079721000-7fe07bd21000 ---p 00000000 00:00 0 
7fe07bd21000-7fe07bf23000 rw-p 00000000 00:00 0 
7fe07bf23000-7fe07bf24000 ---p 00000000 00:00 0 
7fe07bf24000-7fe07c02a000 rw-p 00000000 00:00 0 
7fe07c02a000-7fe07c110000 ---p 00000000 00:00 0 
7fe07c110000-7fe07c115000 rw-p 00000000 00:00 0 
7fe07c115000-7fe07c1fb000 ---p 00000000 00:00 0 
7fe07c1fb000-7fe07c46b000 rwxp 00000000 00:00 0 
7fe07c46b000-7fe07c78a000 ---p 00000000 00:00 0 
7fe07c78a000-7fe07c9fa000 rwxp 00000000 00:00 0 
7fe07c9fa000-7fe083cc2000 ---p 00000000 00:00 0 
7fe083cc2000-7fe083f32000 rwxp 00000000 00:00 0 
7fe083f32000-7fe08b1fb000 ---p 00000000 00:00 0 
7fe08b1fb000-7fe0935a3000 r--s 00000000 fd:00 2886185                    /opt/jdk/jdk-11.0.2/lib/modules
7fe0935a3000-7fe0935be000 r-xp 00000000 fd:00 2886166                    /opt/jdk/jdk-11.0.2/lib/libjimage.so
7fe0935be000-7fe0937bd000 ---p 0001b000 fd:00 2886166                    /opt/jdk/jdk-11.0.2/lib/libjimage.so
7fe0937bd000-7fe0937bf000 r--p 0001a000 fd:00 2886166                    /opt/jdk/jdk-11.0.2/lib/libjimage.so
7fe0937bf000-7fe0937c0000 rw-p 0001c000 fd:00 2886166                    /opt/jdk/jdk-11.0.2/lib/libjimage.so
7fe0937c0000-7fe0937c7000 r-xp 00000000 fd:00 2886184                    /opt/jdk/jdk-11.0.2/lib/libzip.so
7fe0937c7000-7fe0939c6000 ---p 00007000 fd:00 2886184                    /opt/jdk/jdk-11.0.2/lib/libzip.so
7fe0939c6000-7fe0939c7000 r--p 00006000 fd:00 2886184                    /opt/jdk/jdk-11.0.2/lib/libzip.so
7fe0939c7000-7fe0939c8000 rw-p 00007000 fd:00 2886184                    /opt/jdk/jdk-11.0.2/lib/libzip.so
7fe0939c8000-7fe0939d3000 r-xp 00000000 fd:00 2097645                    /lib/x86_64-linux-gnu/libnss_files-2.27.so
7fe0939d3000-7fe093bd2000 ---p 0000b000 fd:00 2097645                    /lib/x86_64-linux-gnu/libnss_files-2.27.so
7fe093bd2000-7fe093bd3000 r--p 0000a000 fd:00 2097645                    /lib/x86_64-linux-gnu/libnss_files-2.27.so
7fe093bd3000-7fe093bd4000 rw-p 0000b000 fd:00 2097645                    /lib/x86_64-linux-gnu/libnss_files-2.27.so
7fe093bd4000-7fe093bda000 rw-p 00000000 00:00 0 
7fe093bda000-7fe093bf1000 r-xp 00000000 fd:00 2097639                    /lib/x86_64-linux-gnu/libnsl-2.27.so
7fe093bf1000-7fe093df0000 ---p 00017000 fd:00 2097639                    /lib/x86_64-linux-gnu/libnsl-2.27.so
7fe093df0000-7fe093df1000 r--p 00016000 fd:00 2097639                    /lib/x86_64-linux-gnu/libnsl-2.27.so
7fe093df1000-7fe093df2000 rw-p 00017000 fd:00 2097639                    /lib/x86_64-linux-gnu/libnsl-2.27.so
7fe093df2000-7fe093df4000 rw-p 00000000 00:00 0 
7fe093df4000-7fe093dff000 r-xp 00000000 fd:00 2097649                    /lib/x86_64-linux-gnu/libnss_nis-2.27.so
7fe093dff000-7fe093ffe000 ---p 0000b000 fd:00 2097649                    /lib/x86_64-linux-gnu/libnss_nis-2.27.so
7fe093ffe000-7fe093fff000 r--p 0000a000 fd:00 2097649                    /lib/x86_64-linux-gnu/libnss_nis-2.27.so
7fe093fff000-7fe094000000 rw-p 0000b000 fd:00 2097649                    /lib/x86_64-linux-gnu/libnss_nis-2.27.so
7fe094000000-7fe09406c000 rw-p 00000000 00:00 0 
7fe09406c000-7fe098000000 ---p 00000000 00:00 0 
7fe098056000-7fe09805e000 r-xp 00000000 fd:00 2097641                    /lib/x86_64-linux-gnu/libnss_compat-2.27.so
7fe09805e000-7fe09825e000 ---p 00008000 fd:00 2097641                    /lib/x86_64-linux-gnu/libnss_compat-2.27.so
7fe09825e000-7fe09825f000 r--p 00008000 fd:00 2097641                    /lib/x86_64-linux-gnu/libnss_compat-2.27.so
7fe09825f000-7fe098260000 rw-p 00009000 fd:00 2097641                    /lib/x86_64-linux-gnu/libnss_compat-2.27.so
7fe098260000-7fe098289000 r-xp 00000000 fd:00 2886162                    /opt/jdk/jdk-11.0.2/lib/libjava.so
7fe098289000-7fe098488000 ---p 00029000 fd:00 2886162                    /opt/jdk/jdk-11.0.2/lib/libjava.so
7fe098488000-7fe098489000 r--p 00028000 fd:00 2886162                    /opt/jdk/jdk-11.0.2/lib/libjava.so
7fe098489000-7fe09848b000 rw-p 00029000 fd:00 2886162                    /opt/jdk/jdk-11.0.2/lib/libjava.so
7fe09848b000-7fe098498000 r-xp 00000000 fd:00 2886183                    /opt/jdk/jdk-11.0.2/lib/libverify.so
7fe098498000-7fe098697000 ---p 0000d000 fd:00 2886183                    /opt/jdk/jdk-11.0.2/lib/libverify.so
7fe098697000-7fe098699000 r--p 0000c000 fd:00 2886183                    /opt/jdk/jdk-11.0.2/lib/libverify.so
7fe098699000-7fe09869a000 rw-p 0000e000 fd:00 2886183                    /opt/jdk/jdk-11.0.2/lib/libverify.so
7fe09869a000-7fe0986a1000 r-xp 00000000 fd:00 2097671                    /lib/x86_64-linux-gnu/librt-2.27.so
7fe0986a1000-7fe0988a0000 ---p 00007000 fd:00 2097671                    /lib/x86_64-linux-gnu/librt-2.27.so
7fe0988a0000-7fe0988a1000 r--p 00006000 fd:00 2097671                    /lib/x86_64-linux-gnu/librt-2.27.so
7fe0988a1000-7fe0988a2000 rw-p 00007000 fd:00 2097671                    /lib/x86_64-linux-gnu/librt-2.27.so
7fe0988a2000-7fe098a3f000 r-xp 00000000 fd:00 2097624                    /lib/x86_64-linux-gnu/libm-2.27.so
7fe098a3f000-7fe098c3e000 ---p 0019d000 fd:00 2097624                    /lib/x86_64-linux-gnu/libm-2.27.so
7fe098c3e000-7fe098c3f000 r--p 0019c000 fd:00 2097624                    /lib/x86_64-linux-gnu/libm-2.27.so
7fe098c3f000-7fe098c40000 rw-p 0019d000 fd:00 2097624                    /lib/x86_64-linux-gnu/libm-2.27.so
7fe098c40000-7fe099d7d000 r-xp 00000000 fd:00 2886196                    /opt/jdk/jdk-11.0.2/lib/server/libjvm.so
7fe099d7d000-7fe099f7c000 ---p 0113d000 fd:00 2886196                    /opt/jdk/jdk-11.0.2/lib/server/libjvm.so
7fe099f7c000-7fe09a03b000 r--p 0113c000 fd:00 2886196                    /opt/jdk/jdk-11.0.2/lib/server/libjvm.so
7fe09a03b000-7fe09a074000 rw-p 011fb000 fd:00 2886196                    /opt/jdk/jdk-11.0.2/lib/server/libjvm.so
7fe09a074000-7fe09a0ca000 rw-p 00000000 00:00 0 
7fe09a0ca000-7fe09a2b1000 r-xp 00000000 fd:00 2097578                    /lib/x86_64-linux-gnu/libc-2.27.so
7fe09a2b1000-7fe09a4b1000 ---p 001e7000 fd:00 2097578                    /lib/x86_64-linux-gnu/libc-2.27.so
7fe09a4b1000-7fe09a4b5000 r--p 001e7000 fd:00 2097578                    /lib/x86_64-linux-gnu/libc-2.27.so
7fe09a4b5000-7fe09a4b7000 rw-p 001eb000 fd:00 2097578                    /lib/x86_64-linux-gnu/libc-2.27.so
7fe09a4b7000-7fe09a4bb000 rw-p 00000000 00:00 0 
7fe09a4bb000-7fe09a4be000 r-xp 00000000 fd:00 2097595                    /lib/x86_64-linux-gnu/libdl-2.27.so
7fe09a4be000-7fe09a6bd000 ---p 00003000 fd:00 2097595                    /lib/x86_64-linux-gnu/libdl-2.27.so
7fe09a6bd000-7fe09a6be000 r--p 00002000 fd:00 2097595                    /lib/x86_64-linux-gnu/libdl-2.27.so
7fe09a6be000-7fe09a6bf000 rw-p 00003000 fd:00 2097595                    /lib/x86_64-linux-gnu/libdl-2.27.so
7fe09a6bf000-7fe09a6cf000 r-xp 00000000 fd:00 2886147                    /opt/jdk/jdk-11.0.2/lib/jli/libjli.so
7fe09a6cf000-7fe09a8ce000 ---p 00010000 fd:00 2886147                    /opt/jdk/jdk-11.0.2/lib/jli/libjli.so
7fe09a8ce000-7fe09a8cf000 r--p 0000f000 fd:00 2886147                    /opt/jdk/jdk-11.0.2/lib/jli/libjli.so
7fe09a8cf000-7fe09a8d0000 rw-p 00010000 fd:00 2886147                    /opt/jdk/jdk-11.0.2/lib/jli/libjli.so
7fe09a8d0000-7fe09a8ea000 r-xp 00000000 fd:00 2097665                    /lib/x86_64-linux-gnu/libpthread-2.27.so
7fe09a8ea000-7fe09aae9000 ---p 0001a000 fd:00 2097665                    /lib/x86_64-linux-gnu/libpthread-2.27.so
7fe09aae9000-7fe09aaea000 r--p 00019000 fd:00 2097665                    /lib/x86_64-linux-gnu/libpthread-2.27.so
7fe09aaea000-7fe09aaeb000 rw-p 0001a000 fd:00 2097665                    /lib/x86_64-linux-gnu/libpthread-2.27.so
7fe09aaeb000-7fe09aaef000 rw-p 00000000 00:00 0 
7fe09aaef000-7fe09ab0b000 r-xp 00000000 fd:00 2097696                    /lib/x86_64-linux-gnu/libz.so.1.2.11
7fe09ab0b000-7fe09ad0a000 ---p 0001c000 fd:00 2097696                    /lib/x86_64-linux-gnu/libz.so.1.2.11
7fe09ad0a000-7fe09ad0b000 r--p 0001b000 fd:00 2097696                    /lib/x86_64-linux-gnu/libz.so.1.2.11
7fe09ad0b000-7fe09ad0c000 rw-p 0001c000 fd:00 2097696                    /lib/x86_64-linux-gnu/libz.so.1.2.11
7fe09ad0c000-7fe09ad33000 r-xp 00000000 fd:00 2097554                    /lib/x86_64-linux-gnu/ld-2.27.so
7fe09adef000-7fe09ae17000 rw-p 00000000 00:00 0 
7fe09ae17000-7fe09ae1e000 ---p 00000000 00:00 0 
7fe09ae1e000-7fe09ae26000 rw-s 00000000 fd:00 3805778                    /tmp/hsperfdata_vagrant/9122
7fe09ae26000-7fe09ae2a000 ---p 00000000 00:00 0 
7fe09ae2a000-7fe09af29000 rw-p 00000000 00:00 0 
7fe09af2f000-7fe09af30000 ---p 00000000 00:00 0 
7fe09af30000-7fe09af31000 r--p 00000000 00:00 0 
7fe09af31000-7fe09af33000 rw-p 00000000 00:00 0 
7fe09af33000-7fe09af34000 r--p 00027000 fd:00 2097554                    /lib/x86_64-linux-gnu/ld-2.27.so
7fe09af34000-7fe09af35000 rw-p 00028000 fd:00 2097554                    /lib/x86_64-linux-gnu/ld-2.27.so
7fe09af35000-7fe09af36000 rw-p 00000000 00:00 0 
7fff8d600000-7fff8d622000 rw-p 00000000 00:00 0                          [stack]
7fff8d6f2000-7fff8d6f5000 r--p 00000000 00:00 0                          [vvar]
7fff8d6f5000-7fff8d6f7000 r-xp 00000000 00:00 0                          [vdso]
ffffffffff600000-ffffffffff601000 r-xp 00000000 00:00 0                  [vsyscall]


VM Arguments:
jvm_args: -Xms1024m -Xmx1G -XX:PermSize=1024m -Dclassworlds.conf=/opt/maven/bin/m2.conf -Dmaven.home=/opt/maven -Dlibrary.jansi.path=/opt/maven/lib/jansi-native -Dmaven.multiModuleProjectDirectory=/home/vagrant/javatreinamento/quarkus_avaliacao/novoQuarkus/quarkusAndSpring/quarkus-school-api 
java_command: org.codehaus.plexus.classworlds.launcher.Launcher quarkus:dev
java_class_path (initial): /opt/maven/boot/plexus-classworlds-2.6.0.jar
Launcher Type: SUN_STANDARD

[Global flags]
     intx CICompilerCount                          = 2                                         {product} {ergonomic}
     uint ConcGCThreads                            = 1                                         {product} {ergonomic}
     uint G1ConcRefinementThreads                  = 2                                         {product} {ergonomic}
   size_t G1HeapRegionSize                         = 1048576                                   {product} {ergonomic}
    uintx GCDrainStackTargetSize                   = 64                                        {product} {ergonomic}
   size_t InitialHeapSize                          = 1073741824                                {product} {command line}
   size_t MarkStackSize                            = 4194304                                   {product} {ergonomic}
   size_t MaxHeapSize                              = 1073741824                                {product} {command line}
   size_t MinHeapDeltaBytes                        = 1048576                                   {product} {ergonomic}
    uintx NonNMethodCodeHeapSize                   = 5824844                                {pd product} {ergonomic}
    uintx NonProfiledCodeHeapSize                  = 122916698                              {pd product} {ergonomic}
    uintx ProfiledCodeHeapSize                     = 122916698                              {pd product} {ergonomic}
    uintx ReservedCodeCacheSize                    = 251658240                              {pd product} {ergonomic}
     bool SegmentedCodeCache                       = true                                      {product} {ergonomic}
     bool UseCompressedClassPointers               = true                                 {lp64_product} {ergonomic}
     bool UseCompressedOops                        = true                                 {lp64_product} {ergonomic}
     bool UseG1GC                                  = true                                      {product} {ergonomic}

Logging:
Log output configuration:
 #0: stdout all=warning uptime,level,tags
 #1: stderr all=off uptime,level,tags

Environment Variables:
JAVA_HOME=/opt/java-jdk
JRE_HOME=/opt/java-jdk/jre
PATH=/opt/maven/bin:/opt/java-jdk/bin:/home/vagrant/.vscode-server/bin/e8a3071ea4344d9d48ef8a4df2c097372b0c5161/bin/remote-cli:/opt/maven/bin:/opt/java-jdk/bin:/home/vagrant/.nvm/versions/node/v16.17.0/bin:/usr/local/sbin:/usr/local/bin:/usr/sbin:/usr/bin:/sbin:/bin:/usr/games:/usr/local/games
LD_LIBRARY_PATH=/opt/tibco/tibrv/8.4/lib
SHELL=/bin/zsh

Signal Handlers:
SIGSEGV: [libjvm.so+0xe28d40], sa_mask[0]=11111111011111111101111111111110, sa_flags=SA_RESTART|SA_SIGINFO
SIGBUS: [libjvm.so+0xe28d40], sa_mask[0]=11111111011111111101111111111110, sa_flags=SA_RESTART|SA_SIGINFO
SIGFPE: [libjvm.so+0xe28d40], sa_mask[0]=11111111011111111101111111111110, sa_flags=SA_RESTART|SA_SIGINFO
SIGPIPE: [libjvm.so+0xbfd500], sa_mask[0]=11111111011111111101111111111110, sa_flags=SA_RESTART|SA_SIGINFO
SIGXFSZ: [libjvm.so+0xbfd500], sa_mask[0]=11111111011111111101111111111110, sa_flags=SA_RESTART|SA_SIGINFO
SIGILL: [libjvm.so+0xe28d40], sa_mask[0]=11111111011111111101111111111110, sa_flags=SA_RESTART|SA_SIGINFO
SIGUSR2: [libjvm.so+0xbfd3a0], sa_mask[0]=00000000000000000000000000000000, sa_flags=SA_RESTART|SA_SIGINFO
SIGHUP: SIG_DFL, sa_mask[0]=00000000000000000000000000000000, sa_flags=none
SIGINT: SIG_DFL, sa_mask[0]=00000000000000000000000000000000, sa_flags=none
SIGTERM: SIG_DFL, sa_mask[0]=00000000000000000000000000000000, sa_flags=none
SIGQUIT: SIG_DFL, sa_mask[0]=00000000000000000000000000000000, sa_flags=none


---------------  S Y S T E M  ---------------

OS:DISTRIB_ID=Ubuntu
DISTRIB_RELEASE=18.04
DISTRIB_CODENAME=bionic
DISTRIB_DESCRIPTION="Ubuntu 18.04.3 LTS"
uname:Linux 4.15.0-58-generic #64-Ubuntu SMP Tue Aug 6 11:12:41 UTC 2019 x86_64
libc:glibc 2.27 NPTL 2.27 
rlimit: STACK 8192k, CORE 0k, NPROC 15534, NOFILE 1048576, AS infinity, DATA infinity, FSIZE infinity
load average:0.53 2.00 2.55

/proc/meminfo:
MemTotal:        4039552 kB
MemFree:          979900 kB
MemAvailable:     933072 kB
Buffers:            5772 kB
Cached:           109788 kB
SwapCached:        11548 kB
Active:          2345780 kB
Inactive:         579324 kB
Active(anon):    2275172 kB
Inactive(anon):   534680 kB
Active(file):      70608 kB
Inactive(file):    44644 kB
Unevictable:           0 kB
Mlocked:               0 kB
SwapTotal:       1003516 kB
SwapFree:          35476 kB
Dirty:               244 kB
Writeback:             0 kB
AnonPages:       2797916 kB
Mapped:            66608 kB
Shmem:               408 kB
Slab:              64348 kB
SReclaimable:      27956 kB
SUnreclaim:        36392 kB
KernelStack:        6416 kB
PageTables:        24856 kB
NFS_Unstable:          0 kB
Bounce:                0 kB
WritebackTmp:          0 kB
CommitLimit:     3023292 kB
Committed_AS:    5150028 kB
VmallocTotal:   34359738367 kB
VmallocUsed:           0 kB
VmallocChunk:          0 kB
HardwareCorrupted:     0 kB
AnonHugePages:         0 kB
ShmemHugePages:        0 kB
ShmemPmdMapped:        0 kB
CmaTotal:              0 kB
CmaFree:               0 kB
HugePages_Total:       0
HugePages_Free:        0
HugePages_Rsvd:        0
HugePages_Surp:        0
Hugepagesize:       2048 kB
DirectMap4k:      143296 kB
DirectMap2M:     4050944 kB


/proc/sys/kernel/threads-max (system-wide limit on the number of threads):
31069


/proc/sys/vm/max_map_count (maximum number of memory map areas a process may have):
65530


/proc/sys/kernel/pid_max (system-wide limit on number of process identifiers):
32768



container (cgroup) information:
container_type: cgroupv1
cpu_cpuset_cpus: 0-1
cpu_memory_nodes: 0
active_processor_count: 2
cpu_quota: -1
cpu_period: 100000
cpu_shares: -1
memory_limit_in_bytes: -1
memory_and_swap_limit_in_bytes: -2
memory_soft_limit_in_bytes: -1
memory_usage_in_bytes: 3017535488
memory_max_usage_in_bytes: 3931045888


CPU:total 2 (initial active 2) (2 cores per cpu, 1 threads per core) family 6 model 140 stepping 1, cmov, cx8, fxsr, mmx, sse, sse2, sse3, ssse3, sse4.1, sse4.2, tsc, tscinvbit
CPU Model and flags from /proc/cpuinfo:
model name	: 11th Gen Intel(R) Core(TM) i5-1135G7 @ 2.40GHz
flags		: fpu vme de pse tsc msr pae mce cx8 apic sep mtrr pge mca cmov pat pse36 clflush mmx fxsr sse sse2 ht syscall nx rdtscp lm constant_tsc rep_good nopl xtopology nonstop_tsc cpuid tsc_known_freq pni ssse3 cx16 pcid sse4_1 sse4_2 hypervisor lahf_lm invpcid_single ibrs_enhanced fsgsbase invpcid md_clear flush_l1d arch_capabilities

Memory: 4k page, physical 4039552k(979900k free), swap 1003516k(35476k free)

vm_info: OpenJDK 64-Bit Server VM (11.0.2+9) for linux-amd64 JRE (11.0.2+9), built on Jan 17 2019 21:18:23 by "mach5one" with gcc 7.3.0

END.
